[2019-09-27 22:46:53] production.ERROR: Swift_TransportException: Process could not be started [El sistema no puede encontrar la ruta especificada.
] in C:\laragon\www\EduOnline-flarum\vendor\swiftmailer\swiftmailer\lib\classes\Swift\Transport\StreamBuffer.php:299
Stack trace:
#0 C:\laragon\www\EduOnline-flarum\vendor\swiftmailer\swiftmailer\lib\classes\Swift\Transport\StreamBuffer.php(54): Swift_Transport_StreamBuffer->establishProcessConnection()
#1 C:\laragon\www\EduOnline-flarum\vendor\swiftmailer\swiftmailer\lib\classes\Swift\Transport\AbstractSmtpTransport.php(143): Swift_Transport_StreamBuffer->initialize(Array)
#2 C:\laragon\www\EduOnline-flarum\vendor\swiftmailer\swiftmailer\lib\classes\Swift\Transport\SendmailTransport.php(50): Swift_Transport_AbstractSmtpTransport->start()
#3 C:\laragon\www\EduOnline-flarum\vendor\swiftmailer\swiftmailer\lib\classes\Swift\Mailer.php(65): Swift_Transport_SendmailTransport->start()
#4 C:\laragon\www\EduOnline-flarum\vendor\illuminate\mail\Mailer.php(483): Swift_Mailer->send(Object(Swift_Message), Array)
#5 C:\laragon\www\EduOnline-flarum\vendor\illuminate\mail\Mailer.php(259): Illuminate\Mail\Mailer->sendSwiftMessage(Object(Swift_Message))
#6 C:\laragon\www\EduOnline-flarum\vendor\illuminate\mail\Mailer.php(183): Illuminate\Mail\Mailer->send(NULL, Array, Object(Closure))
#7 C:\laragon\www\EduOnline-flarum\vendor\flarum\core\src\User\AccountActivationMailer.php(72): Illuminate\Mail\Mailer->raw('\xC2\xA1Hola, andresj...', Object(Closure))
#8 [internal function]: Flarum\User\AccountActivationMailer->handle(Object(Flarum\User\Event\Registered))
#9 C:\laragon\www\EduOnline-flarum\vendor\illuminate\events\Dispatcher.php(379): call_user_func_array(Array, Array)
#10 C:\laragon\www\EduOnline-flarum\vendor\illuminate\events\Dispatcher.php(209): Illuminate\Events\Dispatcher->Illuminate\Events\{closure}('Flarum\\User\\Eve...', Array)
#11 C:\laragon\www\EduOnline-flarum\vendor\flarum\core\src\Foundation\DispatchEventsTrait.php(35): Illuminate\Events\Dispatcher->dispatch('Flarum\\User\\Eve...')
#12 C:\laragon\www\EduOnline-flarum\vendor\flarum\core\src\User\Command\RegisterUserHandler.php(116): Flarum\User\Command\RegisterUserHandler->dispatchEventsFor(Object(Flarum\User\User), Object(Flarum\User\Guest))
#13 C:\laragon\www\EduOnline-flarum\vendor\illuminate\bus\Dispatcher.php(90): Flarum\User\Command\RegisterUserHandler->handle(Object(Flarum\User\Command\RegisterUser))
#14 C:\laragon\www\EduOnline-flarum\vendor\illuminate\pipeline\Pipeline.php(128): Illuminate\Bus\Dispatcher->Illuminate\Bus\{closure}(Object(Flarum\User\Command\RegisterUser))
#15 C:\laragon\www\EduOnline-flarum\vendor\illuminate\pipeline\Pipeline.php(104): Illuminate\Pipeline\Pipeline->Illuminate\Pipeline\{closure}(Object(Flarum\User\Command\RegisterUser))
#16 C:\laragon\www\EduOnline-flarum\vendor\illuminate\bus\Dispatcher.php(98): Illuminate\Pipeline\Pipeline->then(Object(Closure))
#17 C:\laragon\www\EduOnline-flarum\vendor\illuminate\bus\Dispatcher.php(76): Illuminate\Bus\Dispatcher->dispatchNow(Object(Flarum\User\Command\RegisterUser))
#18 C:\laragon\www\EduOnline-flarum\vendor\flarum\core\src\Api\Controller\CreateUserController.php(47): Illuminate\Bus\Dispatcher->dispatch(Object(Flarum\User\Command\RegisterUser))
#19 C:\laragon\www\EduOnline-flarum\vendor\flarum\core\src\Api\Controller\AbstractSerializeController.php(98): Flarum\Api\Controller\CreateUserController->data(Object(Zend\Diactoros\ServerRequest), Object(Tobscure\JsonApi\Document))
#20 C:\laragon\www\EduOnline-flarum\vendor\flarum\core\src\Api\Controller\AbstractCreateController.php(24): Flarum\Api\Controller\AbstractSerializeController->handle(Object(Zend\Diactoros\ServerRequest))
#21 C:\laragon\www\EduOnline-flarum\vendor\flarum\core\src\Api\Client.php(74): Flarum\Api\Controller\AbstractCreateController->handle(Object(Zend\Diactoros\ServerRequest))
#22 C:\laragon\www\EduOnline-flarum\vendor\flarum\core\src\Forum\Controller\RegisterController.php(60): Flarum\Api\Client->send(Object(Flarum\Api\Controller\CreateUserController), Object(Flarum\User\Guest), Array, Array)
#23 C:\laragon\www\EduOnline-flarum\vendor\flarum\core\src\Http\RouteHandlerFactory.php(40): Flarum\Forum\Controller\RegisterController->handle(Object(Zend\Diactoros\ServerRequest))
#24 C:\laragon\www\EduOnline-flarum\vendor\flarum\core\src\Http\Middleware\DispatchRoute.php(67): Flarum\Http\RouteHandlerFactory->Flarum\Http\{closure}(Object(Zend\Diactoros\ServerRequest), Array)
#25 C:\laragon\www\EduOnline-flarum\vendor\zendframework\zend-stratigility\src\Next.php(60): Flarum\Http\Middleware\DispatchRoute->process(Object(Zend\Diactoros\ServerRequest), Object(Closure))
#26 C:\laragon\www\EduOnline-flarum\vendor\flarum\core\src\Http\Middleware\ShareErrorsFromSession.php(58): Zend\Stratigility\Next->handle(Object(Zend\Diactoros\ServerRequest))
#27 C:\laragon\www\EduOnline-flarum\vendor\zendframework\zend-stratigility\src\Next.php(60): Flarum\Http\Middleware\ShareErrorsFromSession->process(Object(Zend\Diactoros\ServerRequest), Object(Zend\Stratigility\Next))
#28 C:\laragon\www\EduOnline-flarum\vendor\flarum\core\src\Http\Middleware\SetLocale.php(52): Zend\Stratigility\Next->handle(Object(Zend\Diactoros\ServerRequest))
#29 C:\laragon\www\EduOnline-flarum\vendor\zendframework\zend-stratigility\src\Next.php(60): Flarum\Http\Middleware\SetLocale->process(Object(Zend\Diactoros\ServerRequest), Object(Zend\Stratigility\Next))
#30 C:\laragon\www\EduOnline-flarum\vendor\flarum\core\src\Http\Middleware\CheckCsrfToken.php(33): Zend\Stratigility\Next->handle(Object(Zend\Diactoros\ServerRequest))
#31 C:\laragon\www\EduOnline-flarum\vendor\zendframework\zend-stratigility\src\Next.php(60): Flarum\Http\Middleware\CheckCsrfToken->process(Object(Zend\Diactoros\ServerRequest), Object(Zend\Stratigility\Next))
#32 C:\laragon\www\EduOnline-flarum\vendor\flarum\core\src\Http\Middleware\AuthenticateWithSession.php(34): Zend\Stratigility\Next->handle(Object(Zend\Diactoros\ServerRequest))
#33 C:\laragon\www\EduOnline-flarum\vendor\zendframework\zend-stratigility\src\Next.php(60): Flarum\Http\Middleware\AuthenticateWithSession->process(Object(Zend\Diactoros\ServerRequest), Object(Zend\Stratigility\Next))
#34 C:\laragon\www\EduOnline-flarum\vendor\flarum\core\src\Http\Middleware\RememberFromCookie.php(53): Zend\Stratigility\Next->handle(Object(Zend\Diactoros\ServerRequest))
#35 C:\laragon\www\EduOnline-flarum\vendor\zendframework\zend-stratigility\src\Next.php(60): Flarum\Http\Middleware\RememberFromCookie->process(Object(Zend\Diactoros\ServerRequest), Object(Zend\Stratigility\Next))
#36 C:\laragon\www\EduOnline-flarum\vendor\flarum\core\src\Http\Middleware\StartSession.php(63): Zend\Stratigility\Next->handle(Object(Zend\Diactoros\ServerRequest))
#37 C:\laragon\www\EduOnline-flarum\vendor\zendframework\zend-stratigility\src\Next.php(60): Flarum\Http\Middleware\StartSession->process(Object(Zend\Diactoros\ServerRequest), Object(Zend\Stratigility\Next))
#38 C:\laragon\www\EduOnline-flarum\vendor\flarum\core\src\Http\Middleware\CollectGarbage.php(48): Zend\Stratigility\Next->handle(Object(Zend\Diactoros\ServerRequest))
#39 C:\laragon\www\EduOnline-flarum\vendor\zendframework\zend-stratigility\src\Next.php(60): Flarum\Http\Middleware\CollectGarbage->process(Object(Zend\Diactoros\ServerRequest), Object(Zend\Stratigility\Next))
#40 C:\laragon\www\EduOnline-flarum\vendor\flarum\core\src\Http\Middleware\ParseJsonBody.php(30): Zend\Stratigility\Next->handle(Object(Zend\Diactoros\ServerRequest))
#41 C:\laragon\www\EduOnline-flarum\vendor\zendframework\zend-stratigility\src\Next.php(60): Flarum\Http\Middleware\ParseJsonBody->process(Object(Zend\Diactoros\ServerRequest), Object(Zend\Stratigility\Next))
#42 C:\laragon\www\EduOnline-flarum\vendor\flarum\core\src\Http\Middleware\HandleErrors.php(59): Zend\Stratigility\Next->handle(Object(Zend\Diactoros\ServerRequest))
#43 C:\laragon\www\EduOnline-flarum\vendor\zendframework\zend-stratigility\src\Next.php(60): Flarum\Http\Middleware\HandleErrors->process(Object(Zend\Diactoros\ServerRequest), Object(Zend\Stratigility\Next))
#44 C:\laragon\www\EduOnline-flarum\vendor\zendframework\zend-stratigility\src\MiddlewarePipe.php(83): Zend\Stratigility\Next->handle(Object(Zend\Diactoros\ServerRequest))
#45 C:\laragon\www\EduOnline-flarum\vendor\middlewares\request-handler\src\RequestHandler.php(84): Zend\Stratigility\MiddlewarePipe->process(Object(Zend\Diactoros\ServerRequest), Object(Zend\Stratigility\Next))
#46 C:\laragon\www\EduOnline-flarum\vendor\zendframework\zend-stratigility\src\Next.php(60): Middlewares\RequestHandler->process(Object(Zend\Diactoros\ServerRequest), Object(Zend\Stratigility\Next))
#47 C:\laragon\www\EduOnline-flarum\vendor\middlewares\base-path-router\src\BasePathRouter.php(97): Zend\Stratigility\Next->handle(Object(Zend\Diactoros\ServerRequest))
#48 C:\laragon\www\EduOnline-flarum\vendor\zendframework\zend-stratigility\src\Next.php(60): Middlewares\BasePathRouter->process(Object(Zend\Diactoros\ServerRequest), Object(Zend\Stratigility\Next))
#49 C:\laragon\www\EduOnline-flarum\vendor\zendframework\zend-stratigility\src\Middleware\OriginalMessages.php(41): Zend\Stratigility\Next->handle(Object(Zend\Diactoros\ServerRequest))
#50 C:\laragon\www\EduOnline-flarum\vendor\zendframework\zend-stratigility\src\Next.php(60): Zend\Stratigility\Middleware\OriginalMessages->process(Object(Zend\Diactoros\ServerRequest), Object(Zend\Stratigility\Next))
#51 C:\laragon\www\EduOnline-flarum\vendor\middlewares\base-path\src\BasePath.php(53): Zend\Stratigility\Next->handle(Object(Zend\Diactoros\ServerRequest))
#52 C:\laragon\www\EduOnline-flarum\vendor\zendframework\zend-stratigility\src\Next.php(60): Middlewares\BasePath->process(Object(Zend\Diactoros\ServerRequest), Object(Zend\Stratigility\Next))
#53 C:\laragon\www\EduOnline-flarum\vendor\zendframework\zend-stratigility\src\MiddlewarePipe.php(83): Zend\Stratigility\Next->handle(Object(Zend\Diactoros\ServerRequest))
#54 C:\laragon\www\EduOnline-flarum\vendor\zendframework\zend-stratigility\src\MiddlewarePipe.php(72): Zend\Stratigility\MiddlewarePipe->process(Object(Zend\Diactoros\ServerRequest), Object(Zend\Stratigility\EmptyPipelineHandler))
#55 C:\laragon\www\EduOnline-flarum\vendor\zendframework\zend-httphandlerrunner\src\RequestHandlerRunner.php(95): Zend\Stratigility\MiddlewarePipe->handle(Object(Zend\Diactoros\ServerRequest))
#56 C:\laragon\www\EduOnline-flarum\vendor\flarum\core\src\Http\Server.php(46): Zend\HttpHandlerRunner\RequestHandlerRunner->run()
#57 C:\laragon\www\EduOnline-flarum\public\index.php(22): Flarum\Http\Server->listen()
#58 {main}  
[2019-09-27 23:19:45] production.ERROR: Swift_TransportException: Process could not be started [El sistema no puede encontrar la ruta especificada.
] in C:\laragon\www\EduOnline-flarum\vendor\swiftmailer\swiftmailer\lib\classes\Swift\Transport\StreamBuffer.php:299
Stack trace:
#0 C:\laragon\www\EduOnline-flarum\vendor\swiftmailer\swiftmailer\lib\classes\Swift\Transport\StreamBuffer.php(54): Swift_Transport_StreamBuffer->establishProcessConnection()
#1 C:\laragon\www\EduOnline-flarum\vendor\swiftmailer\swiftmailer\lib\classes\Swift\Transport\AbstractSmtpTransport.php(143): Swift_Transport_StreamBuffer->initialize(Array)
#2 C:\laragon\www\EduOnline-flarum\vendor\swiftmailer\swiftmailer\lib\classes\Swift\Transport\SendmailTransport.php(50): Swift_Transport_AbstractSmtpTransport->start()
#3 C:\laragon\www\EduOnline-flarum\vendor\swiftmailer\swiftmailer\lib\classes\Swift\Mailer.php(65): Swift_Transport_SendmailTransport->start()
#4 C:\laragon\www\EduOnline-flarum\vendor\illuminate\mail\Mailer.php(483): Swift_Mailer->send(Object(Swift_Message), Array)
#5 C:\laragon\www\EduOnline-flarum\vendor\illuminate\mail\Mailer.php(259): Illuminate\Mail\Mailer->sendSwiftMessage(Object(Swift_Message))
#6 C:\laragon\www\EduOnline-flarum\vendor\illuminate\mail\Mailer.php(183): Illuminate\Mail\Mailer->send(NULL, Array, Object(Closure))
#7 C:\laragon\www\EduOnline-flarum\vendor\flarum\core\src\User\AccountActivationMailer.php(72): Illuminate\Mail\Mailer->raw('\xC2\xA1Hola, andresj...', Object(Closure))
#8 [internal function]: Flarum\User\AccountActivationMailer->handle(Object(Flarum\User\Event\Registered))
#9 C:\laragon\www\EduOnline-flarum\vendor\illuminate\events\Dispatcher.php(379): call_user_func_array(Array, Array)
#10 C:\laragon\www\EduOnline-flarum\vendor\illuminate\events\Dispatcher.php(209): Illuminate\Events\Dispatcher->Illuminate\Events\{closure}('Flarum\\User\\Eve...', Array)
#11 C:\laragon\www\EduOnline-flarum\vendor\flarum\core\src\Foundation\DispatchEventsTrait.php(35): Illuminate\Events\Dispatcher->dispatch('Flarum\\User\\Eve...')
#12 C:\laragon\www\EduOnline-flarum\vendor\flarum\core\src\User\Command\RegisterUserHandler.php(116): Flarum\User\Command\RegisterUserHandler->dispatchEventsFor(Object(Flarum\User\User), Object(Flarum\User\Guest))
#13 C:\laragon\www\EduOnline-flarum\vendor\illuminate\bus\Dispatcher.php(90): Flarum\User\Command\RegisterUserHandler->handle(Object(Flarum\User\Command\RegisterUser))
#14 C:\laragon\www\EduOnline-flarum\vendor\illuminate\pipeline\Pipeline.php(128): Illuminate\Bus\Dispatcher->Illuminate\Bus\{closure}(Object(Flarum\User\Command\RegisterUser))
#15 C:\laragon\www\EduOnline-flarum\vendor\illuminate\pipeline\Pipeline.php(104): Illuminate\Pipeline\Pipeline->Illuminate\Pipeline\{closure}(Object(Flarum\User\Command\RegisterUser))
#16 C:\laragon\www\EduOnline-flarum\vendor\illuminate\bus\Dispatcher.php(98): Illuminate\Pipeline\Pipeline->then(Object(Closure))
#17 C:\laragon\www\EduOnline-flarum\vendor\illuminate\bus\Dispatcher.php(76): Illuminate\Bus\Dispatcher->dispatchNow(Object(Flarum\User\Command\RegisterUser))
#18 C:\laragon\www\EduOnline-flarum\vendor\flarum\core\src\Api\Controller\CreateUserController.php(47): Illuminate\Bus\Dispatcher->dispatch(Object(Flarum\User\Command\RegisterUser))
#19 C:\laragon\www\EduOnline-flarum\vendor\flarum\core\src\Api\Controller\AbstractSerializeController.php(98): Flarum\Api\Controller\CreateUserController->data(Object(Zend\Diactoros\ServerRequest), Object(Tobscure\JsonApi\Document))
#20 C:\laragon\www\EduOnline-flarum\vendor\flarum\core\src\Api\Controller\AbstractCreateController.php(24): Flarum\Api\Controller\AbstractSerializeController->handle(Object(Zend\Diactoros\ServerRequest))
#21 C:\laragon\www\EduOnline-flarum\vendor\flarum\core\src\Api\Client.php(74): Flarum\Api\Controller\AbstractCreateController->handle(Object(Zend\Diactoros\ServerRequest))
#22 C:\laragon\www\EduOnline-flarum\vendor\flarum\core\src\Forum\Controller\RegisterController.php(60): Flarum\Api\Client->send(Object(Flarum\Api\Controller\CreateUserController), Object(Flarum\User\Guest), Array, Array)
#23 C:\laragon\www\EduOnline-flarum\vendor\flarum\core\src\Http\RouteHandlerFactory.php(40): Flarum\Forum\Controller\RegisterController->handle(Object(Zend\Diactoros\ServerRequest))
#24 C:\laragon\www\EduOnline-flarum\vendor\flarum\core\src\Http\Middleware\DispatchRoute.php(67): Flarum\Http\RouteHandlerFactory->Flarum\Http\{closure}(Object(Zend\Diactoros\ServerRequest), Array)
#25 C:\laragon\www\EduOnline-flarum\vendor\zendframework\zend-stratigility\src\Next.php(60): Flarum\Http\Middleware\DispatchRoute->process(Object(Zend\Diactoros\ServerRequest), Object(Closure))
#26 C:\laragon\www\EduOnline-flarum\vendor\flarum\core\src\Http\Middleware\ShareErrorsFromSession.php(58): Zend\Stratigility\Next->handle(Object(Zend\Diactoros\ServerRequest))
#27 C:\laragon\www\EduOnline-flarum\vendor\zendframework\zend-stratigility\src\Next.php(60): Flarum\Http\Middleware\ShareErrorsFromSession->process(Object(Zend\Diactoros\ServerRequest), Object(Zend\Stratigility\Next))
#28 C:\laragon\www\EduOnline-flarum\vendor\flarum\core\src\Http\Middleware\SetLocale.php(52): Zend\Stratigility\Next->handle(Object(Zend\Diactoros\ServerRequest))
#29 C:\laragon\www\EduOnline-flarum\vendor\zendframework\zend-stratigility\src\Next.php(60): Flarum\Http\Middleware\SetLocale->process(Object(Zend\Diactoros\ServerRequest), Object(Zend\Stratigility\Next))
#30 C:\laragon\www\EduOnline-flarum\vendor\flarum\core\src\Http\Middleware\CheckCsrfToken.php(33): Zend\Stratigility\Next->handle(Object(Zend\Diactoros\ServerRequest))
#31 C:\laragon\www\EduOnline-flarum\vendor\zendframework\zend-stratigility\src\Next.php(60): Flarum\Http\Middleware\CheckCsrfToken->process(Object(Zend\Diactoros\ServerRequest), Object(Zend\Stratigility\Next))
#32 C:\laragon\www\EduOnline-flarum\vendor\flarum\core\src\Http\Middleware\AuthenticateWithSession.php(34): Zend\Stratigility\Next->handle(Object(Zend\Diactoros\ServerRequest))
#33 C:\laragon\www\EduOnline-flarum\vendor\zendframework\zend-stratigility\src\Next.php(60): Flarum\Http\Middleware\AuthenticateWithSession->process(Object(Zend\Diactoros\ServerRequest), Object(Zend\Stratigility\Next))
#34 C:\laragon\www\EduOnline-flarum\vendor\flarum\core\src\Http\Middleware\RememberFromCookie.php(53): Zend\Stratigility\Next->handle(Object(Zend\Diactoros\ServerRequest))
#35 C:\laragon\www\EduOnline-flarum\vendor\zendframework\zend-stratigility\src\Next.php(60): Flarum\Http\Middleware\RememberFromCookie->process(Object(Zend\Diactoros\ServerRequest), Object(Zend\Stratigility\Next))
#36 C:\laragon\www\EduOnline-flarum\vendor\flarum\core\src\Http\Middleware\StartSession.php(63): Zend\Stratigility\Next->handle(Object(Zend\Diactoros\ServerRequest))
#37 C:\laragon\www\EduOnline-flarum\vendor\zendframework\zend-stratigility\src\Next.php(60): Flarum\Http\Middleware\StartSession->process(Object(Zend\Diactoros\ServerRequest), Object(Zend\Stratigility\Next))
#38 C:\laragon\www\EduOnline-flarum\vendor\flarum\core\src\Http\Middleware\CollectGarbage.php(48): Zend\Stratigility\Next->handle(Object(Zend\Diactoros\ServerRequest))
#39 C:\laragon\www\EduOnline-flarum\vendor\zendframework\zend-stratigility\src\Next.php(60): Flarum\Http\Middleware\CollectGarbage->process(Object(Zend\Diactoros\ServerRequest), Object(Zend\Stratigility\Next))
#40 C:\laragon\www\EduOnline-flarum\vendor\flarum\core\src\Http\Middleware\ParseJsonBody.php(30): Zend\Stratigility\Next->handle(Object(Zend\Diactoros\ServerRequest))
#41 C:\laragon\www\EduOnline-flarum\vendor\zendframework\zend-stratigility\src\Next.php(60): Flarum\Http\Middleware\ParseJsonBody->process(Object(Zend\Diactoros\ServerRequest), Object(Zend\Stratigility\Next))
#42 C:\laragon\www\EduOnline-flarum\vendor\flarum\core\src\Http\Middleware\HandleErrors.php(59): Zend\Stratigility\Next->handle(Object(Zend\Diactoros\ServerRequest))
#43 C:\laragon\www\EduOnline-flarum\vendor\zendframework\zend-stratigility\src\Next.php(60): Flarum\Http\Middleware\HandleErrors->process(Object(Zend\Diactoros\ServerRequest), Object(Zend\Stratigility\Next))
#44 C:\laragon\www\EduOnline-flarum\vendor\zendframework\zend-stratigility\src\MiddlewarePipe.php(83): Zend\Stratigility\Next->handle(Object(Zend\Diactoros\ServerRequest))
#45 C:\laragon\www\EduOnline-flarum\vendor\middlewares\request-handler\src\RequestHandler.php(84): Zend\Stratigility\MiddlewarePipe->process(Object(Zend\Diactoros\ServerRequest), Object(Zend\Stratigility\Next))
#46 C:\laragon\www\EduOnline-flarum\vendor\zendframework\zend-stratigility\src\Next.php(60): Middlewares\RequestHandler->process(Object(Zend\Diactoros\ServerRequest), Object(Zend\Stratigility\Next))
#47 C:\laragon\www\EduOnline-flarum\vendor\middlewares\base-path-router\src\BasePathRouter.php(97): Zend\Stratigility\Next->handle(Object(Zend\Diactoros\ServerRequest))
#48 C:\laragon\www\EduOnline-flarum\vendor\zendframework\zend-stratigility\src\Next.php(60): Middlewares\BasePathRouter->process(Object(Zend\Diactoros\ServerRequest), Object(Zend\Stratigility\Next))
#49 C:\laragon\www\EduOnline-flarum\vendor\zendframework\zend-stratigility\src\Middleware\OriginalMessages.php(41): Zend\Stratigility\Next->handle(Object(Zend\Diactoros\ServerRequest))
#50 C:\laragon\www\EduOnline-flarum\vendor\zendframework\zend-stratigility\src\Next.php(60): Zend\Stratigility\Middleware\OriginalMessages->process(Object(Zend\Diactoros\ServerRequest), Object(Zend\Stratigility\Next))
#51 C:\laragon\www\EduOnline-flarum\vendor\middlewares\base-path\src\BasePath.php(53): Zend\Stratigility\Next->handle(Object(Zend\Diactoros\ServerRequest))
#52 C:\laragon\www\EduOnline-flarum\vendor\zendframework\zend-stratigility\src\Next.php(60): Middlewares\BasePath->process(Object(Zend\Diactoros\ServerRequest), Object(Zend\Stratigility\Next))
#53 C:\laragon\www\EduOnline-flarum\vendor\zendframework\zend-stratigility\src\MiddlewarePipe.php(83): Zend\Stratigility\Next->handle(Object(Zend\Diactoros\ServerRequest))
#54 C:\laragon\www\EduOnline-flarum\vendor\zendframework\zend-stratigility\src\MiddlewarePipe.php(72): Zend\Stratigility\MiddlewarePipe->process(Object(Zend\Diactoros\ServerRequest), Object(Zend\Stratigility\EmptyPipelineHandler))
#55 C:\laragon\www\EduOnline-flarum\vendor\zendframework\zend-httphandlerrunner\src\RequestHandlerRunner.php(95): Zend\Stratigility\MiddlewarePipe->handle(Object(Zend\Diactoros\ServerRequest))
#56 C:\laragon\www\EduOnline-flarum\vendor\flarum\core\src\Http\Server.php(46): Zend\HttpHandlerRunner\RequestHandlerRunner->run()
#57 C:\laragon\www\EduOnline-flarum\public\index.php(22): Flarum\Http\Server->listen()
#58 {main}  
[2019-09-27 23:51:40] production.ERROR: Swift_TransportException: Process could not be started [El sistema no puede encontrar la ruta especificada.
] in C:\laragon\www\EduOnline-flarum\vendor\swiftmailer\swiftmailer\lib\classes\Swift\Transport\StreamBuffer.php:299
Stack trace:
#0 C:\laragon\www\EduOnline-flarum\vendor\swiftmailer\swiftmailer\lib\classes\Swift\Transport\StreamBuffer.php(54): Swift_Transport_StreamBuffer->establishProcessConnection()
#1 C:\laragon\www\EduOnline-flarum\vendor\swiftmailer\swiftmailer\lib\classes\Swift\Transport\AbstractSmtpTransport.php(143): Swift_Transport_StreamBuffer->initialize(Array)
#2 C:\laragon\www\EduOnline-flarum\vendor\swiftmailer\swiftmailer\lib\classes\Swift\Transport\SendmailTransport.php(50): Swift_Transport_AbstractSmtpTransport->start()
#3 C:\laragon\www\EduOnline-flarum\vendor\swiftmailer\swiftmailer\lib\classes\Swift\Mailer.php(65): Swift_Transport_SendmailTransport->start()
#4 C:\laragon\www\EduOnline-flarum\vendor\illuminate\mail\Mailer.php(483): Swift_Mailer->send(Object(Swift_Message), Array)
#5 C:\laragon\www\EduOnline-flarum\vendor\illuminate\mail\Mailer.php(259): Illuminate\Mail\Mailer->sendSwiftMessage(Object(Swift_Message))
#6 C:\laragon\www\EduOnline-flarum\vendor\illuminate\mail\Mailer.php(183): Illuminate\Mail\Mailer->send(NULL, Array, Object(Closure))
#7 C:\laragon\www\EduOnline-flarum\vendor\flarum\core\src\User\AccountActivationMailer.php(72): Illuminate\Mail\Mailer->raw('\xC2\xA1Hola, andresj...', Object(Closure))
#8 [internal function]: Flarum\User\AccountActivationMailer->handle(Object(Flarum\User\Event\Registered))
#9 C:\laragon\www\EduOnline-flarum\vendor\illuminate\events\Dispatcher.php(379): call_user_func_array(Array, Array)
#10 C:\laragon\www\EduOnline-flarum\vendor\illuminate\events\Dispatcher.php(209): Illuminate\Events\Dispatcher->Illuminate\Events\{closure}('Flarum\\User\\Eve...', Array)
#11 C:\laragon\www\EduOnline-flarum\vendor\flarum\core\src\Foundation\DispatchEventsTrait.php(35): Illuminate\Events\Dispatcher->dispatch('Flarum\\User\\Eve...')
#12 C:\laragon\www\EduOnline-flarum\vendor\flarum\core\src\User\Command\RegisterUserHandler.php(116): Flarum\User\Command\RegisterUserHandler->dispatchEventsFor(Object(Flarum\User\User), Object(Flarum\User\Guest))
#13 C:\laragon\www\EduOnline-flarum\vendor\illuminate\bus\Dispatcher.php(90): Flarum\User\Command\RegisterUserHandler->handle(Object(Flarum\User\Command\RegisterUser))
#14 C:\laragon\www\EduOnline-flarum\vendor\illuminate\pipeline\Pipeline.php(128): Illuminate\Bus\Dispatcher->Illuminate\Bus\{closure}(Object(Flarum\User\Command\RegisterUser))
#15 C:\laragon\www\EduOnline-flarum\vendor\illuminate\pipeline\Pipeline.php(104): Illuminate\Pipeline\Pipeline->Illuminate\Pipeline\{closure}(Object(Flarum\User\Command\RegisterUser))
#16 C:\laragon\www\EduOnline-flarum\vendor\illuminate\bus\Dispatcher.php(98): Illuminate\Pipeline\Pipeline->then(Object(Closure))
#17 C:\laragon\www\EduOnline-flarum\vendor\illuminate\bus\Dispatcher.php(76): Illuminate\Bus\Dispatcher->dispatchNow(Object(Flarum\User\Command\RegisterUser))
#18 C:\laragon\www\EduOnline-flarum\vendor\flarum\core\src\Api\Controller\CreateUserController.php(47): Illuminate\Bus\Dispatcher->dispatch(Object(Flarum\User\Command\RegisterUser))
#19 C:\laragon\www\EduOnline-flarum\vendor\flarum\core\src\Api\Controller\AbstractSerializeController.php(98): Flarum\Api\Controller\CreateUserController->data(Object(Zend\Diactoros\ServerRequest), Object(Tobscure\JsonApi\Document))
#20 C:\laragon\www\EduOnline-flarum\vendor\flarum\core\src\Api\Controller\AbstractCreateController.php(24): Flarum\Api\Controller\AbstractSerializeController->handle(Object(Zend\Diactoros\ServerRequest))
#21 C:\laragon\www\EduOnline-flarum\vendor\flarum\core\src\Api\Client.php(74): Flarum\Api\Controller\AbstractCreateController->handle(Object(Zend\Diactoros\ServerRequest))
#22 C:\laragon\www\EduOnline-flarum\vendor\flarum\core\src\Forum\Controller\RegisterController.php(60): Flarum\Api\Client->send(Object(Flarum\Api\Controller\CreateUserController), Object(Flarum\User\Guest), Array, Array)
#23 C:\laragon\www\EduOnline-flarum\vendor\flarum\core\src\Http\RouteHandlerFactory.php(40): Flarum\Forum\Controller\RegisterController->handle(Object(Zend\Diactoros\ServerRequest))
#24 C:\laragon\www\EduOnline-flarum\vendor\flarum\core\src\Http\Middleware\DispatchRoute.php(67): Flarum\Http\RouteHandlerFactory->Flarum\Http\{closure}(Object(Zend\Diactoros\ServerRequest), Array)
#25 C:\laragon\www\EduOnline-flarum\vendor\zendframework\zend-stratigility\src\Next.php(60): Flarum\Http\Middleware\DispatchRoute->process(Object(Zend\Diactoros\ServerRequest), Object(Closure))
#26 C:\laragon\www\EduOnline-flarum\vendor\flarum\core\src\Http\Middleware\ShareErrorsFromSession.php(58): Zend\Stratigility\Next->handle(Object(Zend\Diactoros\ServerRequest))
#27 C:\laragon\www\EduOnline-flarum\vendor\zendframework\zend-stratigility\src\Next.php(60): Flarum\Http\Middleware\ShareErrorsFromSession->process(Object(Zend\Diactoros\ServerRequest), Object(Zend\Stratigility\Next))
#28 C:\laragon\www\EduOnline-flarum\vendor\flarum\core\src\Http\Middleware\SetLocale.php(52): Zend\Stratigility\Next->handle(Object(Zend\Diactoros\ServerRequest))
#29 C:\laragon\www\EduOnline-flarum\vendor\zendframework\zend-stratigility\src\Next.php(60): Flarum\Http\Middleware\SetLocale->process(Object(Zend\Diactoros\ServerRequest), Object(Zend\Stratigility\Next))
#30 C:\laragon\www\EduOnline-flarum\vendor\flarum\core\src\Http\Middleware\CheckCsrfToken.php(33): Zend\Stratigility\Next->handle(Object(Zend\Diactoros\ServerRequest))
#31 C:\laragon\www\EduOnline-flarum\vendor\zendframework\zend-stratigility\src\Next.php(60): Flarum\Http\Middleware\CheckCsrfToken->process(Object(Zend\Diactoros\ServerRequest), Object(Zend\Stratigility\Next))
#32 C:\laragon\www\EduOnline-flarum\vendor\flarum\core\src\Http\Middleware\AuthenticateWithSession.php(34): Zend\Stratigility\Next->handle(Object(Zend\Diactoros\ServerRequest))
#33 C:\laragon\www\EduOnline-flarum\vendor\zendframework\zend-stratigility\src\Next.php(60): Flarum\Http\Middleware\AuthenticateWithSession->process(Object(Zend\Diactoros\ServerRequest), Object(Zend\Stratigility\Next))
#34 C:\laragon\www\EduOnline-flarum\vendor\flarum\core\src\Http\Middleware\RememberFromCookie.php(53): Zend\Stratigility\Next->handle(Object(Zend\Diactoros\ServerRequest))
#35 C:\laragon\www\EduOnline-flarum\vendor\zendframework\zend-stratigility\src\Next.php(60): Flarum\Http\Middleware\RememberFromCookie->process(Object(Zend\Diactoros\ServerRequest), Object(Zend\Stratigility\Next))
#36 C:\laragon\www\EduOnline-flarum\vendor\flarum\core\src\Http\Middleware\StartSession.php(63): Zend\Stratigility\Next->handle(Object(Zend\Diactoros\ServerRequest))
#37 C:\laragon\www\EduOnline-flarum\vendor\zendframework\zend-stratigility\src\Next.php(60): Flarum\Http\Middleware\StartSession->process(Object(Zend\Diactoros\ServerRequest), Object(Zend\Stratigility\Next))
#38 C:\laragon\www\EduOnline-flarum\vendor\flarum\core\src\Http\Middleware\CollectGarbage.php(48): Zend\Stratigility\Next->handle(Object(Zend\Diactoros\ServerRequest))
#39 C:\laragon\www\EduOnline-flarum\vendor\zendframework\zend-stratigility\src\Next.php(60): Flarum\Http\Middleware\CollectGarbage->process(Object(Zend\Diactoros\ServerRequest), Object(Zend\Stratigility\Next))
#40 C:\laragon\www\EduOnline-flarum\vendor\flarum\core\src\Http\Middleware\ParseJsonBody.php(30): Zend\Stratigility\Next->handle(Object(Zend\Diactoros\ServerRequest))
#41 C:\laragon\www\EduOnline-flarum\vendor\zendframework\zend-stratigility\src\Next.php(60): Flarum\Http\Middleware\ParseJsonBody->process(Object(Zend\Diactoros\ServerRequest), Object(Zend\Stratigility\Next))
#42 C:\laragon\www\EduOnline-flarum\vendor\flarum\core\src\Http\Middleware\HandleErrors.php(59): Zend\Stratigility\Next->handle(Object(Zend\Diactoros\ServerRequest))
#43 C:\laragon\www\EduOnline-flarum\vendor\zendframework\zend-stratigility\src\Next.php(60): Flarum\Http\Middleware\HandleErrors->process(Object(Zend\Diactoros\ServerRequest), Object(Zend\Stratigility\Next))
#44 C:\laragon\www\EduOnline-flarum\vendor\zendframework\zend-stratigility\src\MiddlewarePipe.php(83): Zend\Stratigility\Next->handle(Object(Zend\Diactoros\ServerRequest))
#45 C:\laragon\www\EduOnline-flarum\vendor\middlewares\request-handler\src\RequestHandler.php(84): Zend\Stratigility\MiddlewarePipe->process(Object(Zend\Diactoros\ServerRequest), Object(Zend\Stratigility\Next))
#46 C:\laragon\www\EduOnline-flarum\vendor\zendframework\zend-stratigility\src\Next.php(60): Middlewares\RequestHandler->process(Object(Zend\Diactoros\ServerRequest), Object(Zend\Stratigility\Next))
#47 C:\laragon\www\EduOnline-flarum\vendor\middlewares\base-path-router\src\BasePathRouter.php(97): Zend\Stratigility\Next->handle(Object(Zend\Diactoros\ServerRequest))
#48 C:\laragon\www\EduOnline-flarum\vendor\zendframework\zend-stratigility\src\Next.php(60): Middlewares\BasePathRouter->process(Object(Zend\Diactoros\ServerRequest), Object(Zend\Stratigility\Next))
#49 C:\laragon\www\EduOnline-flarum\vendor\zendframework\zend-stratigility\src\Middleware\OriginalMessages.php(41): Zend\Stratigility\Next->handle(Object(Zend\Diactoros\ServerRequest))
#50 C:\laragon\www\EduOnline-flarum\vendor\zendframework\zend-stratigility\src\Next.php(60): Zend\Stratigility\Middleware\OriginalMessages->process(Object(Zend\Diactoros\ServerRequest), Object(Zend\Stratigility\Next))
#51 C:\laragon\www\EduOnline-flarum\vendor\middlewares\base-path\src\BasePath.php(53): Zend\Stratigility\Next->handle(Object(Zend\Diactoros\ServerRequest))
#52 C:\laragon\www\EduOnline-flarum\vendor\zendframework\zend-stratigility\src\Next.php(60): Middlewares\BasePath->process(Object(Zend\Diactoros\ServerRequest), Object(Zend\Stratigility\Next))
#53 C:\laragon\www\EduOnline-flarum\vendor\zendframework\zend-stratigility\src\MiddlewarePipe.php(83): Zend\Stratigility\Next->handle(Object(Zend\Diactoros\ServerRequest))
#54 C:\laragon\www\EduOnline-flarum\vendor\zendframework\zend-stratigility\src\MiddlewarePipe.php(72): Zend\Stratigility\MiddlewarePipe->process(Object(Zend\Diactoros\ServerRequest), Object(Zend\Stratigility\EmptyPipelineHandler))
#55 C:\laragon\www\EduOnline-flarum\vendor\zendframework\zend-httphandlerrunner\src\RequestHandlerRunner.php(95): Zend\Stratigility\MiddlewarePipe->handle(Object(Zend\Diactoros\ServerRequest))
#56 C:\laragon\www\EduOnline-flarum\vendor\flarum\core\src\Http\Server.php(46): Zend\HttpHandlerRunner\RequestHandlerRunner->run()
#57 C:\laragon\www\EduOnline-flarum\public\index.php(22): Flarum\Http\Server->listen()
#58 {main}  
[2019-09-27 23:58:23] production.ERROR: Swift_TransportException: Process could not be started [El sistema no puede encontrar la ruta especificada.
] in C:\laragon\www\EduOnline-flarum\vendor\swiftmailer\swiftmailer\lib\classes\Swift\Transport\StreamBuffer.php:299
Stack trace:
#0 C:\laragon\www\EduOnline-flarum\vendor\swiftmailer\swiftmailer\lib\classes\Swift\Transport\StreamBuffer.php(54): Swift_Transport_StreamBuffer->establishProcessConnection()
#1 C:\laragon\www\EduOnline-flarum\vendor\swiftmailer\swiftmailer\lib\classes\Swift\Transport\AbstractSmtpTransport.php(143): Swift_Transport_StreamBuffer->initialize(Array)
#2 C:\laragon\www\EduOnline-flarum\vendor\swiftmailer\swiftmailer\lib\classes\Swift\Transport\SendmailTransport.php(50): Swift_Transport_AbstractSmtpTransport->start()
#3 C:\laragon\www\EduOnline-flarum\vendor\swiftmailer\swiftmailer\lib\classes\Swift\Mailer.php(65): Swift_Transport_SendmailTransport->start()
#4 C:\laragon\www\EduOnline-flarum\vendor\illuminate\mail\Mailer.php(483): Swift_Mailer->send(Object(Swift_Message), Array)
#5 C:\laragon\www\EduOnline-flarum\vendor\illuminate\mail\Mailer.php(259): Illuminate\Mail\Mailer->sendSwiftMessage(Object(Swift_Message))
#6 C:\laragon\www\EduOnline-flarum\vendor\illuminate\mail\Mailer.php(183): Illuminate\Mail\Mailer->send(NULL, Array, Object(Closure))
#7 C:\laragon\www\EduOnline-flarum\vendor\flarum\core\src\User\AccountActivationMailer.php(72): Illuminate\Mail\Mailer->raw('\xC2\xA1Hola, asdfasd...', Object(Closure))
#8 [internal function]: Flarum\User\AccountActivationMailer->handle(Object(Flarum\User\Event\Registered))
#9 C:\laragon\www\EduOnline-flarum\vendor\illuminate\events\Dispatcher.php(379): call_user_func_array(Array, Array)
#10 C:\laragon\www\EduOnline-flarum\vendor\illuminate\events\Dispatcher.php(209): Illuminate\Events\Dispatcher->Illuminate\Events\{closure}('Flarum\\User\\Eve...', Array)
#11 C:\laragon\www\EduOnline-flarum\vendor\flarum\core\src\Foundation\DispatchEventsTrait.php(35): Illuminate\Events\Dispatcher->dispatch('Flarum\\User\\Eve...')
#12 C:\laragon\www\EduOnline-flarum\vendor\flarum\core\src\User\Command\RegisterUserHandler.php(116): Flarum\User\Command\RegisterUserHandler->dispatchEventsFor(Object(Flarum\User\User), Object(Flarum\User\Guest))
#13 C:\laragon\www\EduOnline-flarum\vendor\illuminate\bus\Dispatcher.php(90): Flarum\User\Command\RegisterUserHandler->handle(Object(Flarum\User\Command\RegisterUser))
#14 C:\laragon\www\EduOnline-flarum\vendor\illuminate\pipeline\Pipeline.php(128): Illuminate\Bus\Dispatcher->Illuminate\Bus\{closure}(Object(Flarum\User\Command\RegisterUser))
#15 C:\laragon\www\EduOnline-flarum\vendor\illuminate\pipeline\Pipeline.php(104): Illuminate\Pipeline\Pipeline->Illuminate\Pipeline\{closure}(Object(Flarum\User\Command\RegisterUser))
#16 C:\laragon\www\EduOnline-flarum\vendor\illuminate\bus\Dispatcher.php(98): Illuminate\Pipeline\Pipeline->then(Object(Closure))
#17 C:\laragon\www\EduOnline-flarum\vendor\illuminate\bus\Dispatcher.php(76): Illuminate\Bus\Dispatcher->dispatchNow(Object(Flarum\User\Command\RegisterUser))
#18 C:\laragon\www\EduOnline-flarum\vendor\flarum\core\src\Api\Controller\CreateUserController.php(47): Illuminate\Bus\Dispatcher->dispatch(Object(Flarum\User\Command\RegisterUser))
#19 C:\laragon\www\EduOnline-flarum\vendor\flarum\core\src\Api\Controller\AbstractSerializeController.php(98): Flarum\Api\Controller\CreateUserController->data(Object(Zend\Diactoros\ServerRequest), Object(Tobscure\JsonApi\Document))
#20 C:\laragon\www\EduOnline-flarum\vendor\flarum\core\src\Api\Controller\AbstractCreateController.php(24): Flarum\Api\Controller\AbstractSerializeController->handle(Object(Zend\Diactoros\ServerRequest))
#21 C:\laragon\www\EduOnline-flarum\vendor\flarum\core\src\Api\Client.php(74): Flarum\Api\Controller\AbstractCreateController->handle(Object(Zend\Diactoros\ServerRequest))
#22 C:\laragon\www\EduOnline-flarum\vendor\flarum\core\src\Forum\Controller\RegisterController.php(60): Flarum\Api\Client->send(Object(Flarum\Api\Controller\CreateUserController), Object(Flarum\User\Guest), Array, Array)
#23 C:\laragon\www\EduOnline-flarum\vendor\flarum\core\src\Http\RouteHandlerFactory.php(40): Flarum\Forum\Controller\RegisterController->handle(Object(Zend\Diactoros\ServerRequest))
#24 C:\laragon\www\EduOnline-flarum\vendor\flarum\core\src\Http\Middleware\DispatchRoute.php(67): Flarum\Http\RouteHandlerFactory->Flarum\Http\{closure}(Object(Zend\Diactoros\ServerRequest), Array)
#25 C:\laragon\www\EduOnline-flarum\vendor\zendframework\zend-stratigility\src\Next.php(60): Flarum\Http\Middleware\DispatchRoute->process(Object(Zend\Diactoros\ServerRequest), Object(Closure))
#26 C:\laragon\www\EduOnline-flarum\vendor\flarum\core\src\Http\Middleware\ShareErrorsFromSession.php(58): Zend\Stratigility\Next->handle(Object(Zend\Diactoros\ServerRequest))
#27 C:\laragon\www\EduOnline-flarum\vendor\zendframework\zend-stratigility\src\Next.php(60): Flarum\Http\Middleware\ShareErrorsFromSession->process(Object(Zend\Diactoros\ServerRequest), Object(Zend\Stratigility\Next))
#28 C:\laragon\www\EduOnline-flarum\vendor\flarum\core\src\Http\Middleware\SetLocale.php(52): Zend\Stratigility\Next->handle(Object(Zend\Diactoros\ServerRequest))
#29 C:\laragon\www\EduOnline-flarum\vendor\zendframework\zend-stratigility\src\Next.php(60): Flarum\Http\Middleware\SetLocale->process(Object(Zend\Diactoros\ServerRequest), Object(Zend\Stratigility\Next))
#30 C:\laragon\www\EduOnline-flarum\vendor\flarum\core\src\Http\Middleware\CheckCsrfToken.php(33): Zend\Stratigility\Next->handle(Object(Zend\Diactoros\ServerRequest))
#31 C:\laragon\www\EduOnline-flarum\vendor\zendframework\zend-stratigility\src\Next.php(60): Flarum\Http\Middleware\CheckCsrfToken->process(Object(Zend\Diactoros\ServerRequest), Object(Zend\Stratigility\Next))
#32 C:\laragon\www\EduOnline-flarum\vendor\flarum\core\src\Http\Middleware\AuthenticateWithSession.php(34): Zend\Stratigility\Next->handle(Object(Zend\Diactoros\ServerRequest))
#33 C:\laragon\www\EduOnline-flarum\vendor\zendframework\zend-stratigility\src\Next.php(60): Flarum\Http\Middleware\AuthenticateWithSession->process(Object(Zend\Diactoros\ServerRequest), Object(Zend\Stratigility\Next))
#34 C:\laragon\www\EduOnline-flarum\vendor\flarum\core\src\Http\Middleware\RememberFromCookie.php(53): Zend\Stratigility\Next->handle(Object(Zend\Diactoros\ServerRequest))
#35 C:\laragon\www\EduOnline-flarum\vendor\zendframework\zend-stratigility\src\Next.php(60): Flarum\Http\Middleware\RememberFromCookie->process(Object(Zend\Diactoros\ServerRequest), Object(Zend\Stratigility\Next))
#36 C:\laragon\www\EduOnline-flarum\vendor\flarum\core\src\Http\Middleware\StartSession.php(63): Zend\Stratigility\Next->handle(Object(Zend\Diactoros\ServerRequest))
#37 C:\laragon\www\EduOnline-flarum\vendor\zendframework\zend-stratigility\src\Next.php(60): Flarum\Http\Middleware\StartSession->process(Object(Zend\Diactoros\ServerRequest), Object(Zend\Stratigility\Next))
#38 C:\laragon\www\EduOnline-flarum\vendor\flarum\core\src\Http\Middleware\CollectGarbage.php(48): Zend\Stratigility\Next->handle(Object(Zend\Diactoros\ServerRequest))
#39 C:\laragon\www\EduOnline-flarum\vendor\zendframework\zend-stratigility\src\Next.php(60): Flarum\Http\Middleware\CollectGarbage->process(Object(Zend\Diactoros\ServerRequest), Object(Zend\Stratigility\Next))
#40 C:\laragon\www\EduOnline-flarum\vendor\flarum\core\src\Http\Middleware\ParseJsonBody.php(30): Zend\Stratigility\Next->handle(Object(Zend\Diactoros\ServerRequest))
#41 C:\laragon\www\EduOnline-flarum\vendor\zendframework\zend-stratigility\src\Next.php(60): Flarum\Http\Middleware\ParseJsonBody->process(Object(Zend\Diactoros\ServerRequest), Object(Zend\Stratigility\Next))
#42 C:\laragon\www\EduOnline-flarum\vendor\flarum\core\src\Http\Middleware\HandleErrors.php(59): Zend\Stratigility\Next->handle(Object(Zend\Diactoros\ServerRequest))
#43 C:\laragon\www\EduOnline-flarum\vendor\zendframework\zend-stratigility\src\Next.php(60): Flarum\Http\Middleware\HandleErrors->process(Object(Zend\Diactoros\ServerRequest), Object(Zend\Stratigility\Next))
#44 C:\laragon\www\EduOnline-flarum\vendor\zendframework\zend-stratigility\src\MiddlewarePipe.php(83): Zend\Stratigility\Next->handle(Object(Zend\Diactoros\ServerRequest))
#45 C:\laragon\www\EduOnline-flarum\vendor\middlewares\request-handler\src\RequestHandler.php(84): Zend\Stratigility\MiddlewarePipe->process(Object(Zend\Diactoros\ServerRequest), Object(Zend\Stratigility\Next))
#46 C:\laragon\www\EduOnline-flarum\vendor\zendframework\zend-stratigility\src\Next.php(60): Middlewares\RequestHandler->process(Object(Zend\Diactoros\ServerRequest), Object(Zend\Stratigility\Next))
#47 C:\laragon\www\EduOnline-flarum\vendor\middlewares\base-path-router\src\BasePathRouter.php(97): Zend\Stratigility\Next->handle(Object(Zend\Diactoros\ServerRequest))
#48 C:\laragon\www\EduOnline-flarum\vendor\zendframework\zend-stratigility\src\Next.php(60): Middlewares\BasePathRouter->process(Object(Zend\Diactoros\ServerRequest), Object(Zend\Stratigility\Next))
#49 C:\laragon\www\EduOnline-flarum\vendor\zendframework\zend-stratigility\src\Middleware\OriginalMessages.php(41): Zend\Stratigility\Next->handle(Object(Zend\Diactoros\ServerRequest))
#50 C:\laragon\www\EduOnline-flarum\vendor\zendframework\zend-stratigility\src\Next.php(60): Zend\Stratigility\Middleware\OriginalMessages->process(Object(Zend\Diactoros\ServerRequest), Object(Zend\Stratigility\Next))
#51 C:\laragon\www\EduOnline-flarum\vendor\middlewares\base-path\src\BasePath.php(53): Zend\Stratigility\Next->handle(Object(Zend\Diactoros\ServerRequest))
#52 C:\laragon\www\EduOnline-flarum\vendor\zendframework\zend-stratigility\src\Next.php(60): Middlewares\BasePath->process(Object(Zend\Diactoros\ServerRequest), Object(Zend\Stratigility\Next))
#53 C:\laragon\www\EduOnline-flarum\vendor\zendframework\zend-stratigility\src\MiddlewarePipe.php(83): Zend\Stratigility\Next->handle(Object(Zend\Diactoros\ServerRequest))
#54 C:\laragon\www\EduOnline-flarum\vendor\zendframework\zend-stratigility\src\MiddlewarePipe.php(72): Zend\Stratigility\MiddlewarePipe->process(Object(Zend\Diactoros\ServerRequest), Object(Zend\Stratigility\EmptyPipelineHandler))
#55 C:\laragon\www\EduOnline-flarum\vendor\zendframework\zend-httphandlerrunner\src\RequestHandlerRunner.php(95): Zend\Stratigility\MiddlewarePipe->handle(Object(Zend\Diactoros\ServerRequest))
#56 C:\laragon\www\EduOnline-flarum\vendor\flarum\core\src\Http\Server.php(46): Zend\HttpHandlerRunner\RequestHandlerRunner->run()
#57 C:\laragon\www\EduOnline-flarum\public\index.php(22): Flarum\Http\Server->listen()
#58 {main}  
